Cleaning output directory (./../../../vendor/lge/judypn/proprietary)..
Extracting 462 files in ./proprietary-files.txt from /home/markus/V40/system:
  - vendor/bin/chre
  - vendor/bin/hw/android.hardware.gatekeeper@1.0-service-qti
  - vendor/bin/hw/android.hardware.keymaster@3.0-service-qti
  - vendor/bin/pm-proxy
  - vendor/bin/pm-service
  - vendor/bin/qseecomd
  - vendor/bin/seemp_healthd
  - vendor/bin/sensors.qcom
  - vendor/bin/thermal-engine
  - vendor/etc/acdbdata/Bluetooth_cal.acdb
  - vendor/etc/acdbdata/Codec_cal.acdb
  - vendor/etc/acdbdata/General_cal.acdb
  - vendor/etc/acdbdata/Global_cal.acdb
  - vendor/etc/acdbdata/Handset_cal.acdb
  - vendor/etc/acdbdata/Hdmi_cal.acdb
  - vendor/etc/acdbdata/Headset_cal.acdb
  - vendor/etc/acdbdata/Speaker_cal.acdb
  - vendor/etc/camera/camera_tune_config.xml
  - vendor/etc/init/android.hardware.gatekeeper@1.0-service-qti.rc
  - vendor/etc/init/android.hardware.keymaster@3.0-service-qti.rc
  - vendor/etc/qdcm_calib_data_SW43406_cmd_mode_dsc_dsi_panel.xml
  - vendor/etc/qdcm_calib_data_SW43408A_cmd_mode_dsc_dsi_panel.xml
  - vendor/etc/sensors/hals.conf
  - vendor/etc/sensors/registry/config/ak991x_dri_0.json
  - vendor/etc/sensors/registry/config/apds9160_0.json
  - vendor/etc/sensors/registry/config/etc_version
  - vendor/etc/sensors/registry/config/icm4x6xx_0.json
  - vendor/etc/sensors/registry/config/sdm845_ak991x_0.json
  - vendor/etc/sensors/registry/config/sdm845_ak991x_0_rev1_0.json
  - vendor/etc/sensors/registry/config/sdm845_ak991x_0_reva.json
  - vendor/etc/sensors/registry/config/sdm845_apds9160_0.json
  - vendor/etc/sensors/registry/config/sdm845_icm4x6xx_0.json
  - vendor/etc/sensors/registry/config/sdm845_icm4x6xx_0_reva_kor.json
  - vendor/etc/sensors/registry/config/sdm845_icm4x6xx_0_reva_na.json
  - vendor/etc/sensors/registry/config/sdm845_icm4x6xx_0_revc_na.json
  - vendor/etc/sensors/registry/config/sdm845_icm4x6xx_0_revd_kor.json
  - vendor/etc/sensors/registry/config/sdm845_power_0.json
  - vendor/etc/sensors/registry/config/sdm845_spl06_0.json
  - vendor/etc/sensors/registry/config/sdm845_tmd3727.json
  - vendor/etc/sensors/registry/config/sensors_list.txt
  - vendor/etc/sensors/registry/config/sns_amd.json
  - vendor/etc/sensors/registry/config/sns_basic_gestures.json
  - vendor/etc/sensors/registry/config/sns_bring_to_ear.json
  - vendor/etc/sensors/registry/config/sns_cm.json
  - vendor/etc/sensors/registry/config/sns_device_orient.json
  - vendor/etc/sensors/registry/config/sns_diag_filter.json
  - vendor/etc/sensors/registry/config/sns_distance_bound.json
  - vendor/etc/sensors/registry/config/sns_dpc.json
  - vendor/etc/sensors/registry/config/sns_facing.json
  - vendor/etc/sensors/registry/config/sns_fmv.json
  - vendor/etc/sensors/registry/config/sns_geomag_rv.json
  - vendor/etc/sensors/registry/config/sns_gyro_cal.json
  - vendor/etc/sensors/registry/config/sns_lg_filtered_pressure.json
  - vendor/etc/sensors/registry/config/sns_lg_gated_gyro.json
  - vendor/etc/sensors/registry/config/sns_mag_cal.json
  - vendor/etc/sensors/registry/config/sns_multishake.json
  - vendor/etc/sensors/registry/config/sns_pedometer.json
  - vendor/etc/sensors/registry/config/sns_rmd.json
  - vendor/etc/sensors/registry/config/sns_rotv.json
  - vendor/etc/sensors/registry/config/sns_smd.json
  - vendor/etc/sensors/registry/config/sns_tilt.json
  - vendor/etc/sensors/registry/config/sns_tilt_to_wake.json
  - vendor/etc/sensors/registry/config/sns_window_orientation.json
  - vendor/etc/sensors/registry/config/spl06_0.json
  - vendor/etc/sensors/registry/config/tmd3727.json
  - vendor/etc/sensors/registry/registry/sensors_settings
  - vendor/etc/thermal-engine-845.conf
  - vendor/etc/thermal-engine-default.conf
  - vendor/etc/thermal-engine.conf
  - vendor/etc/wifi/GLOBAL/bdwlan.bin
  - vendor/etc/wifi/GLOBAL/bdwlan_ch0.bin
  - vendor/etc/wifi/GLOBAL/bdwlan_ch1.bin
  - vendor/etc/wifi/KR_ALL/bdwlan.bin
  - vendor/etc/wifi/KR_ALL/bdwlan_ch0.bin
  - vendor/etc/wifi/KR_ALL/bdwlan_ch1.bin
  - vendor/etc/wifi/NA_ALL/bdwlan.bin
  - vendor/etc/wifi/NA_ALL/bdwlan_ch0.bin
  - vendor/etc/wifi/NA_ALL/bdwlan_ch1.bin
  - vendor/etc/wifi/bdwlan.bin
  - vendor/etc/wifi/bdwlan_ch0.bin
  - vendor/etc/wifi/bdwlan_ch1.bin
  - vendor/firmware/CAMERA_ICP.elf
  - vendor/firmware/Tfa9872.cnt
  - vendor/firmware/Tfa9872_ras.cnt
  - vendor/firmware/a225_pfp.fw
  - vendor/firmware/a225_pm4.fw
  - vendor/firmware/a225p5_pm4.fw
  - vendor/firmware/a300_pfp.fw
  - vendor/firmware/a300_pm4.fw
  - vendor/firmware/a330_pfp.fw
  - vendor/firmware/a330_pm4.fw
  - vendor/firmware/a420_pfp.fw
  - vendor/firmware/a420_pm4.fw
  - vendor/firmware/a530_gpmu.fw2
  - vendor/firmware/a530_pfp.fw
  - vendor/firmware/a530_pm4.fw
  - vendor/firmware/a530v1_pfp.fw
  - vendor/firmware/a530v1_pm4.fw
  - vendor/firmware/a530v2_seq.fw2
  - vendor/firmware/a530v3_gpmu.fw2
  - vendor/firmware/a530v3_seq.fw2
  - vendor/firmware/a540_gpmu.fw2
  - vendor/firmware/a630_gmu.bin
  - vendor/firmware/a630_sqe.fw
  - vendor/firmware/a630_zap.b00
  - vendor/firmware/a630_zap.b01
  - vendor/firmware/a630_zap.b02
  - vendor/firmware/a630_zap.elf
  - vendor/firmware/a630_zap.mdt
  - vendor/firmware/crbtfw20.tlv
  - vendor/firmware/crbtfw21.tlv
  - vendor/firmware/crnv20.bin
  - vendor/firmware/crnv21.bin
  - vendor/firmware/leia_pfp_470.fw
  - vendor/firmware/leia_pm4_470.fw
  - vendor/lib/libpn553_fw.so
  - vendor/lib64/libpn553_fw_64.so
  - vendor/lib/camera/com.qti.sensor.imx351.so
  - vendor/lib/camera/com.qti.sensor.imx363.so
  - vendor/lib/camera/com.qti.sensor.s5k3m5.so
  - vendor/lib/camera/com.qti.sensor.sl556.so
  - vendor/lib/camera/com.qti.sensor.sl846.so
  - vendor/lib/camera/com.qti.sensormodule.imx351.bin
  - vendor/lib/camera/com.qti.sensormodule.imx363.bin
  - vendor/lib/camera/com.qti.sensormodule.s5k3m5.bin
  - vendor/lib/camera/com.qti.sensormodule.sl556.bin
  - vendor/lib/camera/com.qti.sensormodule.sl846.bin
  - vendor/lib/camera/com.qti.tuned.default.bin
  - vendor/lib/camera/com.qti.tuned.imx351.bin
  - vendor/lib/camera/com.qti.tuned.imx363.bin
  - vendor/lib/camera/com.qti.tuned.s5k3m5.bin
  - vendor/lib/camera/com.qti.tuned.sl556.bin
  - vendor/lib/camera/com.qti.tuned.sl556_global.bin
  - vendor/lib/camera/com.qti.tuned.sl556_tmus.bin
  - vendor/lib/camera/com.qti.tuned.sl846.bin
  - vendor/lib/camera/com.qti.tuned.sl846_global.bin
  - vendor/lib/camera/com.qti.tuned.sl846_tmus.bin
  - vendor/lib/camera/components/com.lge.node.camerasolution.so
  - vendor/lib/camera/components/com.lge.node.capturebokeh.so
  - vendor/lib/camera/components/com.lge.node.dupis.so
  - vendor/lib/camera/components/com.lge.node.duvis.so
  - vendor/lib/camera/components/com.lge.node.elpis.so
  - vendor/lib/camera/components/com.lge.node.elvis.so
  - vendor/lib/camera/components/com.lge.node.hdr.so
  - vendor/lib/camera/components/com.lge.node.lavis.so
  - vendor/lib/camera/components/com.lge.node.multiframe.so
  - vendor/lib/camera/components/com.lge.node.realtimebokeh.so
  - vendor/lib/camera/components/com.lge.stats.aec.so
  - vendor/lib/camera/components/com.lge.stats.aecwrapper.so
  - vendor/lib/camera/components/com.lge.stats.af.so
  - vendor/lib/camera/components/com.lge.stats.af_core.so
  - vendor/lib/camera/components/com.lge.stats.awb.so
  - vendor/lib/camera/components/com.qti.eisv2.so
  - vendor/lib/camera/components/com.qti.eisv3.so
  - vendor/lib/camera/components/com.qti.hvx.addconstant.so
  - vendor/lib/camera/components/com.qti.hvx.binning.so
  - vendor/lib/camera/components/com.qti.node.dummyrtb.so
  - vendor/lib/camera/components/com.qti.node.dummysat.so
  - vendor/lib/camera/components/com.qti.node.eisv2.so
  - vendor/lib/camera/components/com.qti.node.eisv3.so
  - vendor/lib/camera/components/com.qti.node.gpu.so
  - vendor/lib/camera/components/com.qti.node.memcpy.so
  - vendor/lib/camera/components/com.qti.node.remosaic.so
  - vendor/lib/camera/components/com.qti.node.stich.so
  - vendor/lib/camera/components/com.qti.node.swregistration.so
  - vendor/lib/camera/components/com.qti.stats.aec.so
  - vendor/lib/camera/components/com.qti.stats.af.so
  - vendor/lib/camera/components/com.qti.stats.afd.so
  - vendor/lib/camera/components/com.qti.stats.asd.so
  - vendor/lib/camera/components/com.qti.stats.awb.so
  - vendor/lib/camera/components/com.qti.stats.awbwrapper.so
  - vendor/lib/camera/components/com.qti.stats.pdlib.so
  - vendor/lib/camera/components/com.qti.stats.pdlibsony.so
  - vendor/lib/camera/components/com.qti.stats.pdlibwrapper.so
  - vendor/lib/camera/components/com.qtistatic.stats.aec.so
  - vendor/lib/camera/components/com.qtistatic.stats.af.so
  - vendor/lib/camera/components/com.qtistatic.stats.awb.so
  - vendor/lib/camera/components/com.qtistatic.stats.pdlib.so
  - vendor/lib/camera/fdconfigpreview.bin
  - vendor/lib/camera/fdconfigpreviewlite.bin
  - vendor/lib/camera/fdconfigvideo.bin
  - vendor/lib/camera/fdconfigvideolite.bin
  - vendor/lib/camera/liblg_aec_param_imx351_binning_preview.so
  - vendor/lib/camera/liblg_aec_param_imx351_binning_video.so
  - vendor/lib/camera/liblg_aec_param_imx351_cine_video.so
  - vendor/lib/camera/liblg_aec_param_imx351_hfr_120.so
  - vendor/lib/camera/liblg_aec_param_imx351_hfr_240.so
  - vendor/lib/camera/liblg_aec_param_imx351_hfr_60.so
  - vendor/lib/camera/liblg_aec_param_imx351_hfr_90.so
  - vendor/lib/camera/liblg_aec_param_imx351_out_focus.so
  - vendor/lib/camera/liblg_aec_param_imx351_panorama.so
  - vendor/lib/camera/liblg_aec_param_imx351_preview.so
  - vendor/lib/camera/liblg_aec_param_imx351_sensor_hdr_auto_preview.so
  - vendor/lib/camera/liblg_aec_param_imx351_sensor_hdr_auto_video.so
  - vendor/lib/camera/liblg_aec_param_imx351_sensor_hdr_on_preview.so
  - vendor/lib/camera/liblg_aec_param_imx351_sensor_hdr_on_video.so
  - vendor/lib/camera/liblg_aec_param_imx351_uhfr_60.so
  - vendor/lib/camera/liblg_aec_param_imx351_video.so
  - vendor/lib/camera/liblg_aec_param_imx351w_binning_preview.so
  - vendor/lib/camera/liblg_aec_param_imx351w_binning_video.so
  - vendor/lib/camera/liblg_aec_param_imx351w_cine_video.so
  - vendor/lib/camera/liblg_aec_param_imx351w_hfr_120.so
  - vendor/lib/camera/liblg_aec_param_imx351w_hfr_240.so
  - vendor/lib/camera/liblg_aec_param_imx351w_hfr_60.so
  - vendor/lib/camera/liblg_aec_param_imx351w_hfr_90.so
  - vendor/lib/camera/liblg_aec_param_imx351w_out_focus.so
  - vendor/lib/camera/liblg_aec_param_imx351w_panorama.so
  - vendor/lib/camera/liblg_aec_param_imx351w_preview.so
  - vendor/lib/camera/liblg_aec_param_imx351w_sensor_hdr_auto_preview.so
  - vendor/lib/camera/liblg_aec_param_imx351w_sensor_hdr_auto_video.so
  - vendor/lib/camera/liblg_aec_param_imx351w_sensor_hdr_on_preview.so
  - vendor/lib/camera/liblg_aec_param_imx351w_sensor_hdr_on_video.so
  - vendor/lib/camera/liblg_aec_param_imx351w_uhfr_60.so
  - vendor/lib/camera/liblg_aec_param_imx351w_video.so
  - vendor/lib/camera/liblg_aec_param_imx363_binning_preview.so
  - vendor/lib/camera/liblg_aec_param_imx363_binning_video.so
  - vendor/lib/camera/liblg_aec_param_imx363_cine_video.so
  - vendor/lib/camera/liblg_aec_param_imx363_hfr_120.so
  - vendor/lib/camera/liblg_aec_param_imx363_hfr_240.so
  - vendor/lib/camera/liblg_aec_param_imx363_hfr_60.so
  - vendor/lib/camera/liblg_aec_param_imx363_hfr_90.so
  - vendor/lib/camera/liblg_aec_param_imx363_out_focus.so
  - vendor/lib/camera/liblg_aec_param_imx363_panorama.so
  - vendor/lib/camera/liblg_aec_param_imx363_preview.so
  - vendor/lib/camera/liblg_aec_param_imx363_sensor_hdr_auto_preview.so
  - vendor/lib/camera/liblg_aec_param_imx363_sensor_hdr_auto_video.so
  - vendor/lib/camera/liblg_aec_param_imx363_sensor_hdr_on_preview.so
  - vendor/lib/camera/liblg_aec_param_imx363_sensor_hdr_on_video.so
  - vendor/lib/camera/liblg_aec_param_imx363_video.so
  - vendor/lib/camera/liblg_aec_param_s5k3m5_binning_preview.so
  - vendor/lib/camera/liblg_aec_param_s5k3m5_binning_video.so
  - vendor/lib/camera/liblg_aec_param_s5k3m5_cine_video.so
  - vendor/lib/camera/liblg_aec_param_s5k3m5_hfr_120.so
  - vendor/lib/camera/liblg_aec_param_s5k3m5_hfr_240.so
  - vendor/lib/camera/liblg_aec_param_s5k3m5_hfr_60.so
  - vendor/lib/camera/liblg_aec_param_s5k3m5_hfr_90.so
  - vendor/lib/camera/liblg_aec_param_s5k3m5_out_focus.so
  - vendor/lib/camera/liblg_aec_param_s5k3m5_panorama.so
  - vendor/lib/camera/liblg_aec_param_s5k3m5_preview.so
  - vendor/lib/camera/liblg_aec_param_s5k3m5_sensor_hdr_auto_preview.so
  - vendor/lib/camera/liblg_aec_param_s5k3m5_sensor_hdr_auto_video.so
  - vendor/lib/camera/liblg_aec_param_s5k3m5_sensor_hdr_on_preview.so
  - vendor/lib/camera/liblg_aec_param_s5k3m5_sensor_hdr_on_video.so
  - vendor/lib/camera/liblg_aec_param_s5k3m5_video.so
  - vendor/lib/camera/liblg_awb_param_imx351w_food.so
  - vendor/lib/camera/liblg_awb_param_imx351w_liveshot.so
  - vendor/lib/camera/liblg_awb_param_imx351w_outfocus.so
  - vendor/lib/camera/liblg_awb_param_imx351w_panorama_lg.so
  - vendor/lib/camera/liblg_awb_param_imx351w_preview.so
  - vendor/lib/camera/liblg_awb_param_imx351w_rec_cinema.so
  - vendor/lib/camera/liblg_awb_param_imx351w_rec_food.so
  - vendor/lib/camera/liblg_awb_param_imx351w_rec_outfocus.so
  - vendor/lib/camera/liblg_awb_param_imx351w_rec_sum_binning.so
  - vendor/lib/camera/liblg_awb_param_imx351w_snapshot.so
  - vendor/lib/camera/liblg_awb_param_imx351w_sum_binning.so
  - vendor/lib/camera/liblg_awb_param_imx351w_video.so
  - vendor/lib/camera/liblg_awb_param_imx351w_zsl.so
  - vendor/lib/camera/liblg_awb_param_imx363n_food.so
  - vendor/lib/camera/liblg_awb_param_imx363n_liveshot.so
  - vendor/lib/camera/liblg_awb_param_imx363n_outfocus.so
  - vendor/lib/camera/liblg_awb_param_imx363n_panorama_lg.so
  - vendor/lib/camera/liblg_awb_param_imx363n_preview.so
  - vendor/lib/camera/liblg_awb_param_imx363n_rec_cinema.so
  - vendor/lib/camera/liblg_awb_param_imx363n_rec_food.so
  - vendor/lib/camera/liblg_awb_param_imx363n_rec_outfocus.so
  - vendor/lib/camera/liblg_awb_param_imx363n_rec_sum_binning.so
  - vendor/lib/camera/liblg_awb_param_imx363n_snapshot.so
  - vendor/lib/camera/liblg_awb_param_imx363n_sum_binning.so
  - vendor/lib/camera/liblg_awb_param_imx363n_video.so
  - vendor/lib/camera/liblg_awb_param_imx363n_zsl.so
  - vendor/lib/camera/liblg_awb_param_s5k3m5t_food.so
  - vendor/lib/camera/liblg_awb_param_s5k3m5t_liveshot.so
  - vendor/lib/camera/liblg_awb_param_s5k3m5t_outfocus.so
  - vendor/lib/camera/liblg_awb_param_s5k3m5t_panorama_lg.so
  - vendor/lib/camera/liblg_awb_param_s5k3m5t_preview.so
  - vendor/lib/camera/liblg_awb_param_s5k3m5t_rec_cinema.so
  - vendor/lib/camera/liblg_awb_param_s5k3m5t_rec_food.so
  - vendor/lib/camera/liblg_awb_param_s5k3m5t_rec_outfocus.so
  - vendor/lib/camera/liblg_awb_param_s5k3m5t_rec_sum_binning.so
  - vendor/lib/camera/liblg_awb_param_s5k3m5t_snapshot.so
  - vendor/lib/camera/liblg_awb_param_s5k3m5t_sum_binning.so
  - vendor/lib/camera/liblg_awb_param_s5k3m5t_video.so
  - vendor/lib/camera/liblg_awb_param_s5k3m5t_zsl.so
  - vendor/lib/camera/titan17x_usecases.bin
  - vendor/lib/hw/android.hardware.gatekeeper@1.0-impl-qti.so
  - vendor/lib/hw/android.hardware.keymaster@3.0-impl-qti.so
  - vendor/lib/hw/camera.sdm845.so
  - vendor/lib/hw/com.qti.chi.override.so
  - vendor/lib/hw/fingerprint.sdm845.so
  - vendor/lib/lib.com.lge.elvis.so
  - vendor/lib/libAutoContrast.so
  - vendor/lib/libCmcPdaf.so
  - vendor/lib/libCmcPdaf_tele.so
  - vendor/lib/libGPreqcancel.so
  - vendor/lib/libGPreqcancel_svc.so
  - vendor/lib/libQSEEComAPI.so
  - vendor/lib/libSJVideoNR.so
  - vendor/lib/libSNPE.so
  - vendor/lib/libSRIyuv.so
  - vendor/lib/libStDrvInt.so
  - vendor/lib/lib_wdr2.so
  - vendor/lib/libarcsoft_beauty_picselfie.so
  - vendor/lib/libarcsoft_dpportraitsegment.so
  - vendor/lib/libarcsoft_dualcam_portraitlighting.so
  - vendor/lib/libarcsoft_dualcam_refocus.so
  - vendor/lib/libarcsoft_dualcam_refocus_front.so
  - vendor/lib/libarcsoft_dualcam_refocus_rear_t.so
  - vendor/lib/libarcsoft_dualcam_verification.so
  - vendor/lib/libarcsoft_dualcam_verification_front.so
  - vendor/lib/libarcsoft_makeup.so
  - vendor/lib/libarcsoft_picselfie_algorithm.so
  - vendor/lib/libbwfocuspeaking.so
  - vendor/lib/libcalibverify.so
  - vendor/lib/libcalibverifyW_T.so
  - vendor/lib/libcamxfdalgov7.so
  - vendor/lib/libcamxfdengine.so
  - vendor/lib/libcamxstatscore.so
  - vendor/lib/libcinemaeffect.so
  - vendor/lib/libcom.qti.chinodeutils.so
  - vendor/lib/libcppf.so
  - vendor/lib/libdeepportrait.so
  - vendor/lib/libdrmfs.so
  - vendor/lib/libdrmtime.so
  - vendor/lib/libfilm_emulation.so
  - vendor/lib/libfilm_emulation_symphony.so
  - vendor/lib/libgnustl_shared.so
  - vendor/lib/libkeymasterdeviceutils.so
  - vendor/lib/libkeymasterprovision.so
  - vendor/lib/libkeymasterutils.so
  - vendor/lib/liblgae_main.so
  - vendor/lib/liblgawb_main.so
  - vendor/lib/liblgdnn.so
  - vendor/lib/liblghdri.so
  - vendor/lib/liblgmbms.so
  - vendor/lib/liblgsnpeawb.so
  - vendor/lib/libmmcamera_faceproc.so
  - vendor/lib/libmmcamera_faceproc2.so
  - vendor/lib/libmorpho_image_stab31.so
  - vendor/lib/libmorpho_superzoom.so
  - vendor/lib/libmpbase.so
  - vendor/lib/libperipheral_client.so
  - vendor/lib/libqisl.so
  - vendor/lib/librpmb.so
  - vendor/lib/libscveFaceLandmarks.so
  - vendor/lib/libscveFaceRecognition.so
  - vendor/lib/libsensorcal.so
  - vendor/lib/libsensorslog.so
  - vendor/lib/libsns_low_lat_stream_stub.so
  - vendor/lib/libsnsdiaglog.so
  - vendor/lib/libspcom.so
  - vendor/lib/libspl.so
  - vendor/lib/libssc.so
  - vendor/lib/libssc_default_listener.so
  - vendor/lib/libssd.so
  - vendor/lib/libsymphony-1.1.4.so
  - vendor/lib/libsymphonypower-1.1.4.so
  - vendor/lib/libthermalclient.so
  - vendor/lib/libtzdrmgenprov.so
  - vendor/lib/rfsa/adsp/AlacDecoderModule.so.1
  - vendor/lib/rfsa/adsp/ApeDecoderModule.so.1
  - vendor/lib/rfsa/adsp/AudioContextDetection.so.1
  - vendor/lib/rfsa/adsp/AudioSphereModule.so.1
  - vendor/lib/rfsa/adsp/CFCMModule.so.1
  - vendor/lib/rfsa/adsp/EtsiAmrWbPlusDecModule.so.1
  - vendor/lib/rfsa/adsp/EtsiEaacPlusEncAndCmnModule.so.1
  - vendor/lib/rfsa/adsp/FlacDecoderModule.so.1
  - vendor/lib/rfsa/adsp/HeaacDecoderModule.so.1
  - vendor/lib/rfsa/adsp/LdacModule.so.1
  - vendor/lib/rfsa/adsp/SAPlusCmnModule.so.1
  - vendor/lib/rfsa/adsp/SVACmnModule.so.1
  - vendor/lib/rfsa/adsp/VoiceWakeup_V2_Module.so.1
  - vendor/lib/rfsa/adsp/VorbisDecoderModule.so.1
  - vendor/lib/rfsa/adsp/WmaProDecoderModule.so.1
  - vendor/lib/rfsa/adsp/WmaStdDecoderModule.so.1
  - vendor/lib/rfsa/adsp/activity.so
  - vendor/lib/rfsa/adsp/cellinfo_tools.so
  - vendor/lib/rfsa/adsp/chre_drv_bt.so
  - vendor/lib/rfsa/adsp/chre_drv_gf.so
  - vendor/lib/rfsa/adsp/chre_drv_loc.so
  - vendor/lib/rfsa/adsp/chre_drv_modem.so
  - vendor/lib/rfsa/adsp/chre_drv_wifi.so
  - vendor/lib/rfsa/adsp/chre_pal.so
  - vendor/lib/rfsa/adsp/fastrpc_shell_0
  - vendor/lib/rfsa/adsp/fluence_voiceplus_module.so.1
  - vendor/lib/rfsa/adsp/libFastRPC_UTF_Forward_skel.so
  - vendor/lib/rfsa/adsp/libVC1Dec.so
  - vendor/lib/rfsa/adsp/libVC1DecDsp_skel.so
  - vendor/lib/rfsa/adsp/libapps_mem_heap.so
  - vendor/lib/rfsa/adsp/libarcsoft_dualcam_refocus_skel.so
  - vendor/lib/rfsa/adsp/libchre_slpi_skel.so
  - vendor/lib/rfsa/adsp/libdspCV_skel.so
  - vendor/lib/rfsa/adsp/libexternal_dog_skel.so
  - vendor/lib/rfsa/adsp/libfastcvadsp.so
  - vendor/lib/rfsa/adsp/libfastcvdsp_skel.so
  - vendor/lib/rfsa/adsp/libhexagon_nn_skel.so
  - vendor/lib/rfsa/adsp/libhvxMathVIO.so
  - vendor/lib/rfsa/adsp/libscveBlobDescriptor_skel.so
  - vendor/lib/rfsa/adsp/libscveT2T_skel.so
  - vendor/lib/rfsa/adsp/libsns_low_lat_stream_skel.so
  - vendor/lib/rfsa/adsp/libstabilitydomain_skel.so
  - vendor/lib/rfsa/adsp/libsysmon_skel.so
  - vendor/lib/rfsa/adsp/libsysmondomain_skel.so
  - vendor/lib/rfsa/adsp/lowi_client.so
  - vendor/lib/rfsa/adsp/mmecns_module.so.1
  - vendor/lib/sensors.sar.so
  - vendor/lib/sensors.ssc.so
  - vendor/lib64/camera/com.qti.sensormodule.imx351.bin
  - vendor/lib64/camera/com.qti.sensormodule.imx363.bin
  - vendor/lib64/camera/com.qti.sensormodule.s5k3m5.bin
  - vendor/lib64/camera/com.qti.sensormodule.sl556.bin
  - vendor/lib64/camera/com.qti.sensormodule.sl846.bin
  - vendor/lib64/camera/com.qti.tuned.imx351.bin
  - vendor/lib64/camera/com.qti.tuned.imx363.bin
  - vendor/lib64/camera/com.qti.tuned.s5k3m5.bin
  - vendor/lib64/camera/com.qti.tuned.sl556.bin
  - vendor/lib64/camera/com.qti.tuned.sl556_global.bin
  - vendor/lib64/camera/com.qti.tuned.sl556_tmus.bin
  - vendor/lib64/camera/com.qti.tuned.sl846.bin
  - vendor/lib64/camera/com.qti.tuned.sl846_global.bin
  - vendor/lib64/camera/com.qti.tuned.sl846_tmus.bin
  - vendor/lib64/hw/android.hardware.gatekeeper@1.0-impl-qti.so
  - vendor/lib64/hw/android.hardware.keymaster@3.0-impl-qti.so
  - vendor/lib64/hw/fingerprint.sdm845.so
  - vendor/lib64/libGPreqcancel.so
  - vendor/lib64/libGPreqcancel_svc.so
  - vendor/lib64/libQSEEComAPI.so
  - vendor/lib64/libSecureUILib.so
  - vendor/lib64/libStDrvInt.so
  - vendor/lib64/libdrmfs.so
  - vendor/lib64/libdrmtime.so
  - vendor/lib64/libkeymasterdeviceutils.so
  - vendor/lib64/libkeymasterprovision.so
  - vendor/lib64/libkeymasterutils.so
  - vendor/lib64/liblgae_main.so
  - vendor/lib64/liblgawb_main.so
  - vendor/lib64/liblgdnn.so
  - vendor/lib64/liblgmbms.so
  - vendor/lib64/libmmcamera_faceproc.so
  - vendor/lib64/libmmcamera_faceproc2.so
  - vendor/lib64/libperipheral_client.so
  - vendor/lib64/libqisl.so
  - vendor/lib64/librpmb.so
  - vendor/lib64/libscveFaceLandmarks.so
  - vendor/lib64/libscveFaceRecognition.so
  - vendor/lib64/libsecureui_svcsock.so
  - vendor/lib64/libsensorcal.so
  - vendor/lib64/libsensorslog.so
  - vendor/lib64/libsns_low_lat_stream_stub.so
  - vendor/lib64/libsnsdiaglog.so
  - vendor/lib64/libspcom.so
  - vendor/lib64/libspl.so
  - vendor/lib64/libssc.so
  - vendor/lib64/libssc_default_listener.so
  - vendor/lib64/libssd.so
  - vendor/lib64/libsymphony-1.1.4.so
  - vendor/lib64/libsymphonypower-1.1.4.so
  - vendor/lib64/libthermalclient.so
  - vendor/lib64/libtzdrmgenprov.so
  - vendor/lib64/sensors.sar.so
  - vendor/lib64/sensors.ssc.so
  - priv-app/HotwordEnrollmentOKGoogleHEXAGON/HotwordEnrollmentOKGoogleHEXAGON.apk
Checking if system is odexed and locating boot.oats...
  - priv-app/HotwordEnrollmentXGoogleHEXAGON/HotwordEnrollmentXGoogleHEXAGON.apk
